# JRE version: OpenJDK Runtime Environment Temurin-21.0.10+7 (21.0.10+7) (build 21.0.10+7-LTS)
# Java VM: OpenJDK 64-Bit Server VM Temurin-21.0.10+7 (21.0.10+7-LTS, mixed mode, sharing, tiered, compressed oops, compressed class ptrs, parallel gc, windows-amd64)
GC Precious Log:
 CardTable entry size: 512
 CPUs: 8 total, 8 available
 Memory: 8066M
 Large Page Support: Disabled
 NUMA Support: Disabled
 Compressed Oops: Enabled (32-bit)
 Alignments: Space 512K, Generation 512K, Heap 2M
 Heap Min Capacity: 100M
 Heap Initial Capacity: 100M
 Heap Max Capacity: 2G
 Pre-touch: Disabled
 Parallel Workers: 8
Heap:
 PSYoungGen      total 18944K, used 8749K [0x00000000d5580000, 0x00000000d6900000, 0x0000000100000000)
  eden space 18432K, 46% used [0x00000000d5580000,0x00000000d5dd36d0,0x00000000d6780000)
  from space 512K, 43% used [0x00000000d6800000,0x00000000d6838000,0x00000000d6880000)
  to   space 512K, 0% used [0x00000000d6880000,0x00000000d6880000,0x00000000d6900000)
 ParOldGen       total 82944K, used 82513K [0x0000000080000000, 0x0000000085100000, 0x00000000d5580000)
  object space 82944K, 99% used [0x0000000080000000,0x00000000850945f0,0x0000000085100000)
 Metaspace       used 83257K, committed 85120K, reserved 1179648K
  class space    used 10091K, committed 10944K, reserved 1048576K
GC Heap History (20 events):
Event: 279460.785 GC heap before
{Heap before GC invocations=219 (full 3):
 PSYoungGen      total 19456K, used 19387K [0x00000000d5580000, 0x00000000d6a80000, 0x0000000100000000)
  eden space 18432K, 99% used [0x00000000d5580000,0x00000000d677ee90,0x00000000d6780000)
  from space 1024K, 93% used [0x00000000d6780000,0x00000000d6870020,0x00000000d6880000)
  to   space 1536K, 0% used [0x00000000d6900000,0x00000000d6900000,0x00000000d6a80000)
 ParOldGen       total 80384K, used 80178K [0x0000000080000000, 0x0000000084e80000, 0x00000000d5580000)
  object space 80384K, 99% used [0x0000000080000000,0x0000000084e4ca58,0x0000000084e80000)
 Metaspace       used 82594K, committed 84416K, reserved 1179648K
  class space    used 10007K, committed 10880K, reserved 1048576K
}
Event: 279460.875 GC heap after
{Heap after GC invocations=219 (full 3):
 PSYoungGen      total 18944K, used 503K [0x00000000d5580000, 0x00000000d6980000, 0x0000000100000000)
  eden space 18432K, 0% used [0x00000000d5580000,0x00000000d5580000,0x00000000d6780000)
  from space 512K, 98% used [0x00000000d6900000,0x00000000d697deb8,0x00000000d6980000)
  to   space 1024K, 0% used [0x00000000d6780000,0x00000000d6780000,0x00000000d6880000)
 ParOldGen       total 80896K, used 80386K [0x0000000080000000, 0x0000000084f00000, 0x00000000d5580000)
  object space 80896K, 99% used [0x0000000080000000,0x0000000084e80a58,0x0000000084f00000)
 Metaspace       used 82594K, committed 84416K, reserved 1179648K
  class space    used 10007K, committed 10880K, reserved 1048576K
}
Event: 283682.475 GC heap before
{Heap before GC invocations=220 (full 3):
 PSYoungGen      total 18944K, used 18935K [0x00000000d5580000, 0x00000000d6980000, 0x0000000100000000)
  eden space 18432K, 100% used [0x00000000d5580000,0x00000000d6780000,0x00000000d6780000)
  from space 512K, 98% used [0x00000000d6900000,0x00000000d697deb8,0x00000000d6980000)
  to   space 1024K, 0% used [0x00000000d6780000,0x00000000d6780000,0x00000000d6880000)
 ParOldGen       total 80896K, used 80386K [0x0000000080000000, 0x0000000084f00000, 0x00000000d5580000)
  object space 80896K, 99% used [0x0000000080000000,0x0000000084e80a58,0x0000000084f00000)
 Metaspace       used 82821K, committed 84672K, reserved 1179648K
  class space    used 10043K, committed 10880K, reserved 1048576K
}
Event: 283682.546 GC heap after
{Heap after GC invocations=220 (full 3):
 PSYoungGen      total 19456K, used 736K [0x00000000d5580000, 0x00000000d6980000, 0x0000000100000000)
  eden space 18432K, 0% used [0x00000000d5580000,0x00000000d5580000,0x00000000d6780000)
  from space 1024K, 71% used [0x00000000d6780000,0x00000000d6838000,0x00000000d6880000)
  to   space 1024K, 0% used [0x00000000d6880000,0x00000000d6880000,0x00000000d6980000)
 ParOldGen       total 80896K, used 80578K [0x0000000080000000, 0x0000000084f00000, 0x00000000d5580000)
  object space 80896K, 99% used [0x0000000080000000,0x0000000084eb0a58,0x0000000084f00000)
 Metaspace       used 82821K, committed 84672K, reserved 1179648K
  class space    used 10043K, committed 10880K, reserved 1048576K
}
Event: 285188.633 GC heap before
{Heap before GC invocations=221 (full 3):
 PSYoungGen      total 19456K, used 19168K [0x00000000d5580000, 0x00000000d6980000, 0x0000000100000000)
  eden space 18432K, 100% used [0x00000000d5580000,0x00000000d6780000,0x00000000d6780000)
  from space 1024K, 71% used [0x00000000d6780000,0x00000000d6838000,0x00000000d6880000)
  to   space 1024K, 0% used [0x00000000d6880000,0x00000000d6880000,0x00000000d6980000)
 ParOldGen       total 80896K, used 80578K [0x0000000080000000, 0x0000000084f00000, 0x00000000d5580000)
  object space 80896K, 99% used [0x0000000080000000,0x0000000084eb0a58,0x0000000084f00000)
 Metaspace       used 82829K, committed 84672K, reserved 1179648K
  class space    used 10043K, committed 10880K, reserved 1048576K
}
Event: 285188.690 GC heap after
{Heap after GC invocations=221 (full 3):
 PSYoungGen      total 19456K, used 544K [0x00000000d5580000, 0x00000000d6980000, 0x0000000100000000)
  eden space 18432K, 0% used [0x00000000d5580000,0x00000000d5580000,0x00000000d6780000)
  from space 1024K, 53% used [0x00000000d6880000,0x00000000d6908000,0x00000000d6980000)
  to   space 1024K, 0% used [0x00000000d6780000,0x00000000d6780000,0x00000000d6880000)
 ParOldGen       total 81408K, used 81106K [0x0000000080000000, 0x0000000084f80000, 0x00000000d5580000)
  object space 81408K, 99% used [0x0000000080000000,0x0000000084f34a58,0x0000000084f80000)
 Metaspace       used 82829K, committed 84672K, reserved 1179648K
  class space    used 10043K, committed 10880K, reserved 1048576K
}
Event: 288362.100 GC heap before
{Heap before GC invocations=222 (full 3):
 PSYoungGen      total 19456K, used 18975K [0x00000000d5580000, 0x00000000d6980000, 0x0000000100000000)
  eden space 18432K, 99% used [0x00000000d5580000,0x00000000d677ffd8,0x00000000d6780000)
  from space 1024K, 53% used [0x00000000d6880000,0x00000000d6908000,0x00000000d6980000)
  to   space 1024K, 0% used [0x00000000d6780000,0x00000000d6780000,0x00000000d6880000)
 ParOldGen       total 81408K, used 81106K [0x0000000080000000, 0x0000000084f80000, 0x00000000d5580000)
  object space 81408K, 99% used [0x0000000080000000,0x0000000084f34a58,0x0000000084f80000)
 Metaspace       used 82837K, committed 84672K, reserved 1179648K
  class space    used 10043K, committed 10880K, reserved 1048576K
}
Event: 288362.149 GC heap after
{Heap after GC invocations=222 (full 3):
 PSYoungGen      total 19456K, used 304K [0x00000000d5580000, 0x00000000d6900000, 0x0000000100000000)
  eden space 18432K, 0% used [0x00000000d5580000,0x00000000d5580000,0x00000000d6780000)
  from space 1024K, 29% used [0x00000000d6780000,0x00000000d67cc010,0x00000000d6880000)
  to   space 512K, 0% used [0x00000000d6880000,0x00000000d6880000,0x00000000d6900000)
 ParOldGen       total 81408K, used 81146K [0x0000000080000000, 0x0000000084f80000, 0x00000000d5580000)
  object space 81408K, 99% used [0x0000000080000000,0x0000000084f3ea58,0x0000000084f80000)
 Metaspace       used 82837K, committed 84672K, reserved 1179648K
  class space    used 10043K, committed 10880K, reserved 1048576K
}
Event: 289156.671 GC heap before
{Heap before GC invocations=223 (full 3):
 PSYoungGen      total 19456K, used 18736K [0x00000000d5580000, 0x00000000d6900000, 0x0000000100000000)
  eden space 18432K, 100% used [0x00000000d5580000,0x00000000d6780000,0x00000000d6780000)
  from space 1024K, 29% used [0x00000000d6780000,0x00000000d67cc010,0x00000000d6880000)
  to   space 512K, 0% used [0x00000000d6880000,0x00000000d6880000,0x00000000d6900000)
 ParOldGen       total 81408K, used 81146K [0x0000000080000000, 0x0000000084f80000, 0x00000000d5580000)
  object space 81408K, 99% used [0x0000000080000000,0x0000000084f3ea58,0x0000000084f80000)
 Metaspace       used 82865K, committed 84736K, reserved 1179648K
  class space    used 10043K, committed 10880K, reserved 1048576K
}
Event: 289156.768 GC heap after
{Heap after GC invocations=223 (full 3):
 PSYoungGen      total 18944K, used 192K [0x00000000d5580000, 0x00000000d6900000, 0x0000000100000000)
  eden space 18432K, 0% used [0x00000000d5580000,0x00000000d5580000,0x00000000d6780000)
  from space 512K, 37% used [0x00000000d6880000,0x00000000d68b0000,0x00000000d6900000)
  to   space 512K, 0% used [0x00000000d6800000,0x00000000d6800000,0x00000000d6880000)
 ParOldGen       total 81408K, used 81178K [0x0000000080000000, 0x0000000084f80000, 0x00000000d5580000)
  object space 81408K, 99% used [0x0000000080000000,0x0000000084f46a58,0x0000000084f80000)
 Metaspace       used 82865K, committed 84736K, reserved 1179648K
  class space    used 10043K, committed 10880K, reserved 1048576K
}
Event: 328165.062 GC heap before
{Heap before GC invocations=224 (full 3):
 PSYoungGen      total 18944K, used 18624K [0x00000000d5580000, 0x00000000d6900000, 0x0000000100000000)
  eden space 18432K, 100% used [0x00000000d5580000,0x00000000d6780000,0x00000000d6780000)
  from space 512K, 37% used [0x00000000d6880000,0x00000000d68b0000,0x00000000d6900000)
  to   space 512K, 0% used [0x00000000d6800000,0x00000000d6800000,0x00000000d6880000)
 ParOldGen       total 81408K, used 81178K [0x0000000080000000, 0x0000000084f80000, 0x00000000d5580000)
  object space 81408K, 99% used [0x0000000080000000,0x0000000084f46a58,0x0000000084f80000)
 Metaspace       used 82875K, committed 84736K, reserved 1179648K
  class space    used 10043K, committed 10880K, reserved 1048576K
}
Event: 328165.153 GC heap after
{Heap after GC invocations=224 (full 3):
 PSYoungGen      total 18944K, used 512K [0x00000000d5580000, 0x00000000d6980000, 0x0000000100000000)
  eden space 18432K, 0% used [0x00000000d5580000,0x00000000d5580000,0x00000000d6780000)
  from space 512K, 100% used [0x00000000d6800000,0x00000000d6880000,0x00000000d6880000)
  to   space 1024K, 0% used [0x00000000d6880000,0x00000000d6880000,0x00000000d6980000)
 ParOldGen       total 81920K, used 81413K [0x0000000080000000, 0x0000000085000000, 0x00000000d5580000)
  object space 81920K, 99% used [0x0000000080000000,0x0000000084f815d0,0x0000000085000000)
 Metaspace       used 82875K, committed 84736K, reserved 1179648K
  class space    used 10043K, committed 10880K, reserved 1048576K
}
Event: 328552.110 GC heap before
{Heap before GC invocations=225 (full 3):
 PSYoungGen      total 18944K, used 18944K [0x00000000d5580000, 0x00000000d6980000, 0x0000000100000000)
  eden space 18432K, 100% used [0x00000000d5580000,0x00000000d6780000,0x00000000d6780000)
  from space 512K, 100% used [0x00000000d6800000,0x00000000d6880000,0x00000000d6880000)
  to   space 1024K, 0% used [0x00000000d6880000,0x00000000d6880000,0x00000000d6980000)
 ParOldGen       total 81920K, used 81413K [0x0000000080000000, 0x0000000085000000, 0x00000000d5580000)
  object space 81920K, 99% used [0x0000000080000000,0x0000000084f815d0,0x0000000085000000)
 Metaspace       used 83135K, committed 85056K, reserved 1179648K
  class space    used 10078K, committed 10944K, reserved 1048576K
}
Event: 328552.119 GC heap after
{Heap after GC invocations=225 (full 3):
 PSYoungGen      total 19456K, used 956K [0x00000000d5580000, 0x00000000d6980000, 0x0000000100000000)
  eden space 18432K, 0% used [0x00000000d5580000,0x00000000d5580000,0x00000000d6780000)
  from space 1024K, 93% used [0x00000000d6880000,0x00000000d696f050,0x00000000d6980000)
  to   space 1024K, 0% used [0x00000000d6780000,0x00000000d6780000,0x00000000d6880000)
 ParOldGen       total 81920K, used 81813K [0x0000000080000000, 0x0000000085000000, 0x00000000d5580000)
  object space 81920K, 99% used [0x0000000080000000,0x0000000084fe55d0,0x0000000085000000)
 Metaspace       used 83135K, committed 85056K, reserved 1179648K
  class space    used 10078K, committed 10944K, reserved 1048576K
}
Event: 328579.503 GC heap before
{Heap before GC invocations=226 (full 3):
 PSYoungGen      total 19456K, used 19377K [0x00000000d5580000, 0x00000000d6980000, 0x0000000100000000)
  eden space 18432K, 99% used [0x00000000d5580000,0x00000000d677d4f8,0x00000000d6780000)
  from space 1024K, 93% used [0x00000000d6880000,0x00000000d696f050,0x00000000d6980000)
  to   space 1024K, 0% used [0x00000000d6780000,0x00000000d6780000,0x00000000d6880000)
 ParOldGen       total 81920K, used 81813K [0x0000000080000000, 0x0000000085000000, 0x00000000d5580000)
  object space 81920K, 99% used [0x0000000080000000,0x0000000084fe55d0,0x0000000085000000)
 Metaspace       used 83147K, committed 85056K, reserved 1179648K
  class space    used 10078K, committed 10944K, reserved 1048576K
}
Event: 328579.509 GC heap after
{Heap after GC invocations=226 (full 3):
 PSYoungGen      total 19456K, used 496K [0x00000000d5580000, 0x00000000d6980000, 0x0000000100000000)
  eden space 18432K, 0% used [0x00000000d5580000,0x00000000d5580000,0x00000000d6780000)
  from space 1024K, 48% used [0x00000000d6780000,0x00000000d67fc030,0x00000000d6880000)
  to   space 1024K, 0% used [0x00000000d6880000,0x00000000d6880000,0x00000000d6980000)
 ParOldGen       total 82432K, used 82425K [0x0000000080000000, 0x0000000085080000, 0x00000000d5580000)
  object space 82432K, 99% used [0x0000000080000000,0x000000008507e5f0,0x0000000085080000)
 Metaspace       used 83147K, committed 85056K, reserved 1179648K
  class space    used 10078K, committed 10944K, reserved 1048576K
}
Event: 328607.146 GC heap before
{Heap before GC invocations=227 (full 3):
 PSYoungGen      total 19456K, used 18927K [0x00000000d5580000, 0x00000000d6980000, 0x0000000100000000)
  eden space 18432K, 99% used [0x00000000d5580000,0x00000000d677ff88,0x00000000d6780000)
  from space 1024K, 48% used [0x00000000d6780000,0x00000000d67fc030,0x00000000d6880000)
  to   space 1024K, 0% used [0x00000000d6880000,0x00000000d6880000,0x00000000d6980000)
 ParOldGen       total 82432K, used 82425K [0x0000000080000000, 0x0000000085080000, 0x00000000d5580000)
  object space 82432K, 99% used [0x0000000080000000,0x000000008507e5f0,0x0000000085080000)
 Metaspace       used 83151K, committed 85056K, reserved 1179648K
  class space    used 10078K, committed 10944K, reserved 1048576K
}
Event: 328607.148 GC heap after
{Heap after GC invocations=227 (full 3):
 PSYoungGen      total 18944K, used 272K [0x00000000d5580000, 0x00000000d6900000, 0x0000000100000000)
  eden space 18432K, 0% used [0x00000000d5580000,0x00000000d5580000,0x00000000d6780000)
  from space 512K, 53% used [0x00000000d6880000,0x00000000d68c4010,0x00000000d6900000)
  to   space 512K, 0% used [0x00000000d6800000,0x00000000d6800000,0x00000000d6880000)
 ParOldGen       total 82944K, used 82473K [0x0000000080000000, 0x0000000085100000, 0x00000000d5580000)
  object space 82944K, 99% used [0x0000000080000000,0x000000008508a5f0,0x0000000085100000)
 Metaspace       used 83151K, committed 85056K, reserved 1179648K
  class space    used 10078K, committed 10944K, reserved 1048576K
}
Event: 328667.049 GC heap before
{Heap before GC invocations=228 (full 3):
 PSYoungGen      total 18944K, used 18704K [0x00000000d5580000, 0x00000000d6900000, 0x0000000100000000)
  eden space 18432K, 100% used [0x00000000d5580000,0x00000000d6780000,0x00000000d6780000)
  from space 512K, 53% used [0x00000000d6880000,0x00000000d68c4010,0x00000000d6900000)
  to   space 512K, 0% used [0x00000000d6800000,0x00000000d6800000,0x00000000d6880000)
 ParOldGen       total 82944K, used 82473K [0x0000000080000000, 0x0000000085100000, 0x00000000d5580000)
  object space 82944K, 99% used [0x0000000080000000,0x000000008508a5f0,0x0000000085100000)
 Metaspace       used 83151K, committed 85056K, reserved 1179648K
  class space    used 10078K, committed 10944K, reserved 1048576K
}
Event: 328667.054 GC heap after
{Heap after GC invocations=228 (full 3):
 PSYoungGen      total 18944K, used 224K [0x00000000d5580000, 0x00000000d6900000, 0x0000000100000000)
  eden space 18432K, 0% used [0x00000000d5580000,0x00000000d5580000,0x00000000d6780000)
  from space 512K, 43% used [0x00000000d6800000,0x00000000d6838000,0x00000000d6880000)
  to   space 512K, 0% used [0x00000000d6880000,0x00000000d6880000,0x00000000d6900000)
 ParOldGen       total 82944K, used 82513K [0x0000000080000000, 0x0000000085100000, 0x00000000d5580000)
  object space 82944K, 99% used [0x0000000080000000,0x00000000850945f0,0x0000000085100000)
 Metaspace       used 83151K, committed 85056K, reserved 1179648K
  class space    used 10078K, committed 10944K, reserved 1048576K
}

